<?xml version="1.0" encoding="UTF-8"?>
<!-- Generated by org.testng.reporters.JUnitReportReporter -->
<testsuite hostname="HP" failures="0" tests="1" name="exceldata.ReadExcelData" time="3.450" errors="0" timestamp="2022-11-20T00:18:58 IST" skipped="0">
  <testcase classname="exceldata.ReadExcelData" name="dataReadTest" time="3.450"/>
  <system-out/>
</testsuite> <!-- exceldata.ReadExcelData -->
